<?xml version="1.0" encoding="UTF-8"?>
<testsuite name="ComputerRepairRequestTest" tests="2" skipped="0" failures="0" errors="0" timestamp="2023-03-06T11:16:57" hostname="DIANA" time="0.041">
  <properties/>
  <testcase name="First Test" classname="ComputerRepairRequestTest" time="0.038"/>
  <testcase name="Test Exemplu" classname="ComputerRepairRequestTest" time="0.002"/>
  <system-out><![CDATA[]]></system-out>
  <system-err><![CDATA[]]></system-err>
</testsuite>
